#
# A fatal error has been detected by the Java Runtime Environment:
#
#  EXCEPTION_ACCESS_VIOLATION (0xc0000005) at pc=0x000000005e8db475, pid=10344, tid=0x0000000000001780
#
# JRE version: Java(TM) SE Runtime Environment (8.0_231-b11) (build 1.8.0_231-b11)
# Java VM: Java HotSpot(TM) 64-Bit Server VM (25.231-b11 mixed mode windows-amd64 compressed oops)
# Problematic frame:
# V  [jvm.dll+0x13b475]
#
# Failed to write core dump. Minidumps are not enabled by default on client versions of Windows
#
# If you would like to submit a bug report, please visit:
#   http://bugreport.java.com/bugreport/crash.jsp
#

---------------  T H R E A D  ---------------

Current thread (0x0000000003026800):  GCTaskThread [stack: 0x0000000012ea0000,0x0000000012fa0000] [id=6016]

siginfo: ExceptionCode=0xc0000005, reading address 0xffffffffffffffff

Registers:
RAX=0x00000000130a0000, RBX=0x0000000000000014, RCX=0x00000000e0aa09d8, RDX=0x000000000000003b
RSP=0x0000000012f9f250, RBP=0x0000000014b65030, RSI=0x00000000e0a683b4, RDI=0x00000000e0aa09d8
R8 =0x0000000000005504, R9 =0x0000000014b65030, R10=0x00000000000003eb, R11=0x00000000e02d4880
R12=0x00000000e0a68998, R13=0x0000000000000800, R14=0x00000000e0a66988, R15=0x0000000000001000
RIP=0x000000005e8db475, EFLAGS=0x0000000000010202

Top of Stack: (sp=0x0000000012f9f250)
0x0000000012f9f250:   000000001601ef98 000000005e8b525a
0x0000000012f9f260:   0000000100000f28 000000005eb544a9
0x0000000012f9f270:   0000000000000002 000000005e9beb82
0x0000000012f9f280:   0000000000000000 00000000000003d8
0x0000000012f9f290:   0000000003026f78 0000000000000600
0x0000000012f9f2a0:   0000000000000014 000000005eb9c42a
0x0000000012f9f2b0:   0000000014b65030 00000000e0a66988
0x0000000012f9f2c0:   0000000003026ba0 0000002200000014
0x0000000012f9f2d0:   000006c9000003ad 000006ca000003ad
0x0000000012f9f2e0:   0000000000000000 00000000e0a66988
0x0000000012f9f2f0:   0000000000000600 000000001d8eb800
0x0000000012f9f300:   0000000000000001 0000000000000001
0x0000000012f9f310:   00008dc0d2676dc4 0000000003026f78
0x0000000012f9f320:   0000000003026ba0 00000000000003d8
0x0000000012f9f330:   0000000003026ba0 000000000301f820
0x0000000012f9f340:   0000000003026b90 0000000014a15530 

Instructions: (pc=0x000000005e8db475)
0x000000005e8db455:   0f b6 c0 49 c1 e8 06 24 3f 0f b6 d0 48 8b 05 58
0x000000005e8db465:   b9 6e 00 4a 8b 0c c0 48 0f a3 d1 72 3e 48 8b cf
0x000000005e8db475:   e8 36 1e fd ff 84 c0 74 32 48 8b d7 48 8b cd e8
0x000000005e8db485:   77 de fc ff 84 c0 75 23 48 8b 45 40 48 39 45 58 


Register to memory mapping:

RAX=0x00000000130a0000 is an unknown value
RBX=0x0000000000000014 is an unknown value
RCX=0x00000000e0aa09d8 is an oop
java.util.concurrent.ConcurrentHashMap$Node 
 - klass: 'java/util/concurrent/ConcurrentHashMap$Node'
RDX=0x000000000000003b is an unknown value
RSP=0x0000000012f9f250 is an unknown value
RBP=0x0000000014b65030 is an unknown value
RSI=0x00000000e0a683b4 is pointing into object: 0x00000000e0a66988
[Ljava.util.concurrent.ConcurrentHashMap$Node; 
 - klass: 'java/util/concurrent/ConcurrentHashMap$Node'[]
 - length: 4096
RDI=0x00000000e0aa09d8 is an oop
java.util.concurrent.ConcurrentHashMap$Node 
 - klass: 'java/util/concurrent/ConcurrentHashMap$Node'
R8 =0x0000000000005504 is an unknown value
R9 =0x0000000014b65030 is an unknown value
R10=0x00000000000003eb is an unknown value
R11=0x00000000e02d4880 is an oop
java.util.concurrent.ConcurrentHashMap$Node 
 - klass: 'java/util/concurrent/ConcurrentHashMap$Node'
R12=0x00000000e0a68998 is pointing into object: 0x00000000e0a66988
[Ljava.util.concurrent.ConcurrentHashMap$Node; 
 - klass: 'java/util/concurrent/ConcurrentHashMap$Node'[]
 - length: 4096
R13=0x0000000000000800 is an unknown value
R14=0x00000000e0a66988 is an oop
[Ljava.util.concurrent.ConcurrentHashMap$Node; 
 - klass: 'java/util/concurrent/ConcurrentHashMap$Node'[]
 - length: 4096
R15=0x0000000000001000 is an unknown value


Stack: [0x0000000012ea0000,0x0000000012fa0000],  sp=0x0000000012f9f250,  free space=1020k
Native frames: (J=compiled Java code, j=interpreted, Vv=VM code, C=native code)
V  [jvm.dll+0x13b475]
V  [jvm.dll+0x3fc42a]
V  [jvm.dll+0x3f92a3]
V  [jvm.dll+0x3f706e]
V  [jvm.dll+0x29fd8a]
C  [msvcr100.dll+0x21d9f]
C  [msvcr100.dll+0x21e3b]
C  [KERNEL32.DLL+0x126ad]
C  [ntdll.dll+0x5a9f8]


---------------  P R O C E S S  ---------------

Java Threads: ( => current thread )
  0x000000001dbd7800 JavaThread "Memory manager" [_thread_blocked, id=23704, stack(0x00000000290d0000,0x00000000291d0000)]
  0x000000001d8f3800 JavaThread "jar transforms Thread 12" [_thread_blocked, id=23660, stack(0x00000000287d0000,0x00000000288d0000)]
  0x000000001d8f3000 JavaThread "jar transforms Thread 11" [_thread_blocked, id=23656, stack(0x00000000286d0000,0x00000000287d0000)]
  0x000000001d8eb800 JavaThread "jar transforms Thread 10" [_thread_blocked, id=23652, stack(0x00000000285d0000,0x00000000286d0000)]
  0x000000001d8f2000 JavaThread "jar transforms Thread 9" [_thread_blocked, id=23648, stack(0x00000000284d0000,0x00000000285d0000)]
  0x000000001d8ea800 JavaThread "jar transforms Thread 8" [_thread_blocked, id=23644, stack(0x00000000283d0000,0x00000000284d0000)]
  0x000000001d8f1800 JavaThread "jar transforms Thread 7" [_thread_blocked, id=23640, stack(0x00000000282d0000,0x00000000283d0000)]
  0x000000001d8ea000 JavaThread "jar transforms Thread 6" [_thread_blocked, id=23636, stack(0x00000000281d0000,0x00000000282d0000)]
  0x000000001d8f0800 JavaThread "jar transforms Thread 5" [_thread_blocked, id=23632, stack(0x00000000280d0000,0x00000000281d0000)]
  0x000000001d8e9000 JavaThread "jar transforms Thread 4" [_thread_blocked, id=23628, stack(0x0000000027fd0000,0x00000000280d0000)]
  0x000000001d8f0000 JavaThread "Unconstrained build operations Thread 97" [_thread_blocked, id=23616, stack(0x0000000027dd0000,0x0000000027ed0000)]
  0x000000001d8ef000 JavaThread "Unconstrained build operations Thread 96" [_thread_blocked, id=23612, stack(0x0000000027cd0000,0x0000000027dd0000)]
  0x000000001d8ec000 JavaThread "Unconstrained build operations Thread 95" [_thread_blocked, id=23608, stack(0x0000000027bd0000,0x0000000027cd0000)]
  0x000000001d8e7800 JavaThread "Unconstrained build operations Thread 94" [_thread_blocked, id=23604, stack(0x0000000027ad0000,0x0000000027bd0000)]
  0x000000001d8ee800 JavaThread "Unconstrained build operations Thread 93" [_thread_blocked, id=23600, stack(0x00000000279d0000,0x0000000027ad0000)]
  0x000000001d8ed800 JavaThread "Unconstrained build operations Thread 92" [_thread_blocked, id=23596, stack(0x00000000278d0000,0x00000000279d0000)]
  0x000000001d8e6000 JavaThread "Unconstrained build operations Thread 91" [_thread_blocked, id=23592, stack(0x00000000277d0000,0x00000000278d0000)]
  0x000000001d8e8800 JavaThread "Unconstrained build operations Thread 90" [_thread_blocked, id=23588, stack(0x00000000276d0000,0x00000000277d0000)]
  0x000000001d8ed000 JavaThread "Unconstrained build operations Thread 89" [_thread_blocked, id=23584, stack(0x00000000275d0000,0x00000000276d0000)]
  0x000000001d8e5800 JavaThread "Unconstrained build operations Thread 88" [_thread_blocked, id=23580, stack(0x00000000274d0000,0x00000000275d0000)]
  0x000000001d8e4800 JavaThread "Unconstrained build operations Thread 87" [_thread_blocked, id=23576, stack(0x00000000273d0000,0x00000000274d0000)]
  0x000000001d8e7000 JavaThread "Unconstrained build operations Thread 86" [_thread_blocked, id=23572, stack(0x00000000272d0000,0x00000000273d0000)]
  0x0000000019709000 JavaThread "Unconstrained build operations Thread 85" [_thread_blocked, id=23568, stack(0x00000000271d0000,0x00000000272d0000)]
  0x000000001970d000 JavaThread "Unconstrained build operations Thread 84" [_thread_blocked, id=23564, stack(0x00000000270d0000,0x00000000271d0000)]
  0x000000001970d800 JavaThread "Unconstrained build operations Thread 83" [_thread_blocked, id=23560, stack(0x0000000026fd0000,0x00000000270d0000)]
  0x0000000019708000 JavaThread "Unconstrained build operations Thread 82" [_thread_blocked, id=23556, stack(0x0000000026ed0000,0x0000000026fd0000)]
  0x000000001970c000 JavaThread "Unconstrained build operations Thread 81" [_thread_blocked, id=22808, stack(0x0000000026dd0000,0x0000000026ed0000)]
  0x000000001970a800 JavaThread "Unconstrained build operations Thread 80" [_thread_blocked, id=14940, stack(0x0000000026cd0000,0x0000000026dd0000)]
  0x000000001970b800 JavaThread "Unconstrained build operations Thread 79" [_thread_blocked, id=2588, stack(0x0000000026bd0000,0x0000000026cd0000)]
  0x0000000019707800 JavaThread "Unconstrained build operations Thread 78" [_thread_blocked, id=22696, stack(0x0000000026ad0000,0x0000000026bd0000)]
  0x0000000019709800 JavaThread "Unconstrained build operations Thread 77" [_thread_blocked, id=5112, stack(0x00000000269d0000,0x0000000026ad0000)]
  0x000000001970e800 JavaThread "Unconstrained build operations Thread 76" [_thread_blocked, id=10124, stack(0x00000000268d0000,0x00000000269d0000)]
  0x0000000019700000 JavaThread "Unconstrained build operations Thread 75" [_thread_blocked, id=11892, stack(0x00000000267d0000,0x00000000268d0000)]
  0x0000000019706800 JavaThread "Unconstrained build operations Thread 74" [_thread_blocked, id=9368, stack(0x00000000266d0000,0x00000000267d0000)]
  0x0000000019700800 JavaThread "Unconstrained build operations Thread 73" [_thread_blocked, id=22480, stack(0x00000000265d0000,0x00000000266d0000)]
  0x0000000019705000 JavaThread "Unconstrained build operations Thread 72" [_thread_blocked, id=22212, stack(0x00000000264d0000,0x00000000265d0000)]
  0x0000000019703800 JavaThread "Unconstrained build operations Thread 71" [_thread_blocked, id=11048, stack(0x00000000263d0000,0x00000000264d0000)]
  0x0000000019703000 JavaThread "Unconstrained build operations Thread 70" [_thread_blocked, id=20664, stack(0x00000000262d0000,0x00000000263d0000)]
  0x00000000196ff000 JavaThread "Unconstrained build operations Thread 69" [_thread_blocked, id=4224, stack(0x00000000261d0000,0x00000000262d0000)]
  0x0000000019701800 JavaThread "Unconstrained build operations Thread 68" [_thread_blocked, id=2972, stack(0x00000000260d0000,0x00000000261d0000)]
  0x0000000019702000 JavaThread "Unconstrained build operations Thread 67" [_thread_blocked, id=6008, stack(0x0000000025fd0000,0x00000000260d0000)]
  0x0000000019704800 JavaThread "Unconstrained build operations Thread 66" [_thread_blocked, id=6992, stack(0x0000000025ed0000,0x0000000025fd0000)]
  0x0000000019706000 JavaThread "Unconstrained build operations Thread 65" [_thread_blocked, id=21220, stack(0x0000000025dd0000,0x0000000025ed0000)]
  0x000000001e3ab000 JavaThread "Unconstrained build operations Thread 64" [_thread_blocked, id=2856, stack(0x0000000025cd0000,0x0000000025dd0000)]
  0x000000001e3b0800 JavaThread "Unconstrained build operations Thread 63" [_thread_blocked, id=2340, stack(0x0000000025bd0000,0x0000000025cd0000)]
  0x000000001e3af000 JavaThread "Unconstrained build operations Thread 62" [_thread_blocked, id=7968, stack(0x0000000025ad0000,0x0000000025bd0000)]
  0x000000001e3ad800 JavaThread "Unconstrained build operations Thread 61" [_thread_blocked, id=17860, stack(0x00000000259d0000,0x0000000025ad0000)]
  0x000000001e3b0000 JavaThread "Unconstrained build operations Thread 60" [_thread_blocked, id=19416, stack(0x00000000258d0000,0x00000000259d0000)]
  0x000000001e3ac800 JavaThread "Unconstrained build operations Thread 59" [_thread_blocked, id=2860, stack(0x00000000257d0000,0x00000000258d0000)]
  0x000000001e3ac000 JavaThread "Unconstrained build operations Thread 58" [_thread_blocked, id=19196, stack(0x00000000256d0000,0x00000000257d0000)]
  0x000000001e3ae800 JavaThread "Unconstrained build operations Thread 57" [_thread_blocked, id=9316, stack(0x00000000255d0000,0x00000000256d0000)]
  0x000000001e3a3800 JavaThread "Unconstrained build operations Thread 56" [_thread_blocked, id=21640, stack(0x00000000254d0000,0x00000000255d0000)]
  0x000000001e3aa800 JavaThread "Unconstrained build operations Thread 55" [_thread_blocked, id=6296, stack(0x00000000253d0000,0x00000000254d0000)]
  0x000000001e3a9800 JavaThread "Unconstrained build operations Thread 54" [_thread_blocked, id=21060, stack(0x00000000252d0000,0x00000000253d0000)]
  0x000000001e3a9000 JavaThread "Unconstrained build operations Thread 53" [_thread_blocked, id=8676, stack(0x00000000251d0000,0x00000000252d0000)]
  0x000000001e3a6800 JavaThread "Unconstrained build operations Thread 52" [_thread_blocked, id=19860, stack(0x00000000250d0000,0x00000000251d0000)]
  0x000000001e3a3000 JavaThread "Unconstrained build operations Thread 51" [_thread_blocked, id=2444, stack(0x0000000024fd0000,0x00000000250d0000)]
  0x000000001e3a2000 JavaThread "Unconstrained build operations Thread 50" [_thread_blocked, id=20220, stack(0x0000000024ed0000,0x0000000024fd0000)]
  0x000000001e3a6000 JavaThread "Unconstrained build operations Thread 49" [_thread_blocked, id=17020, stack(0x0000000024dd0000,0x0000000024ed0000)]
  0x000000001e3a1800 JavaThread "Unconstrained build operations Thread 48" [_thread_blocked, id=14792, stack(0x0000000024cd0000,0x0000000024dd0000)]
  0x000000001e3a5000 JavaThread "Unconstrained build operations Thread 47" [_thread_blocked, id=11644, stack(0x0000000024bd0000,0x0000000024cd0000)]
  0x000000001e3a8000 JavaThread "Unconstrained build operations Thread 46" [_thread_blocked, id=19128, stack(0x0000000024ad0000,0x0000000024bd0000)]
  0x000000001e3a4800 JavaThread "Unconstrained build operations Thread 45" [_thread_blocked, id=3656, stack(0x00000000249d0000,0x0000000024ad0000)]
  0x000000001e3a7800 JavaThread "Unconstrained build operations Thread 44" [_thread_blocked, id=3472, stack(0x00000000248d0000,0x00000000249d0000)]
  0x0000000019a53800 JavaThread "Unconstrained build operations Thread 43" [_thread_blocked, id=14272, stack(0x00000000247d0000,0x00000000248d0000)]
  0x0000000019a52800 JavaThread "Unconstrained build operations Thread 42" [_thread_blocked, id=18896, stack(0x00000000246d0000,0x00000000247d0000)]
  0x0000000019a52000 JavaThread "Unconstrained build operations Thread 41" [_thread_blocked, id=20108, stack(0x00000000245d0000,0x00000000246d0000)]
  0x0000000019a4a800 JavaThread "Unconstrained build operations Thread 40" [_thread_blocked, id=13532, stack(0x00000000244d0000,0x00000000245d0000)]
  0x0000000019a51000 JavaThread "Unconstrained build operations Thread 39" [_thread_blocked, id=17548, stack(0x00000000243d0000,0x00000000244d0000)]
  0x0000000019a50800 JavaThread "Unconstrained build operations Thread 38" [_thread_blocked, id=7032, stack(0x00000000242d0000,0x00000000243d0000)]
  0x0000000019a4f800 JavaThread "Unconstrained build operations Thread 37" [_thread_blocked, id=9456, stack(0x00000000241d0000,0x00000000242d0000)]
  0x0000000019a4f000 JavaThread "Unconstrained build operations Thread 36" [_thread_blocked, id=21524, stack(0x00000000240d0000,0x00000000241d0000)]
  0x0000000019a49800 JavaThread "Unconstrained build operations Thread 35" [_thread_blocked, id=21880, stack(0x0000000023fd0000,0x00000000240d0000)]
  0x0000000019a47000 JavaThread "Unconstrained build operations Thread 34" [_thread_blocked, id=22012, stack(0x0000000023ed0000,0x0000000023fd0000)]
  0x0000000019a4e000 JavaThread "Unconstrained build operations Thread 33" [_thread_blocked, id=23164, stack(0x0000000023dd0000,0x0000000023ed0000)]
  0x0000000019a4d800 JavaThread "Unconstrained build operations Thread 32" [_thread_blocked, id=9352, stack(0x0000000023cd0000,0x0000000023dd0000)]
  0x0000000019a48000 JavaThread "Unconstrained build operations Thread 31" [_thread_blocked, id=14520, stack(0x0000000023bd0000,0x0000000023cd0000)]
  0x0000000019a46800 JavaThread "Unconstrained build operations Thread 30" [_thread_blocked, id=6408, stack(0x0000000023ad0000,0x0000000023bd0000)]
  0x0000000019a45800 JavaThread "Unconstrained build operations Thread 29" [_thread_blocked, id=19940, stack(0x00000000239d0000,0x0000000023ad0000)]
  0x0000000019a4c800 JavaThread "Unconstrained build operations Thread 28" [_thread_blocked, id=19220, stack(0x00000000238d0000,0x00000000239d0000)]
  0x0000000019a4c000 JavaThread "Unconstrained build operations Thread 27" [_thread_blocked, id=22032, stack(0x00000000237d0000,0x00000000238d0000)]
  0x0000000019a4b000 JavaThread "Unconstrained build operations Thread 26" [_thread_blocked, id=21956, stack(0x00000000236d0000,0x00000000237d0000)]
  0x0000000019a48800 JavaThread "Unconstrained build operations Thread 25" [_thread_blocked, id=13964, stack(0x00000000235d0000,0x00000000236d0000)]
  0x0000000019a44000 JavaThread "Unconstrained build operations Thread 24" [_thread_blocked, id=7048, stack(0x00000000234d0000,0x00000000235d0000)]
  0x0000000019a45000 JavaThread "Unconstrained build operations Thread 23" [_thread_blocked, id=9840, stack(0x00000000233d0000,0x00000000234d0000)]
  0x000000001d4c6000 JavaThread "Unconstrained build operations Thread 22" [_thread_blocked, id=22788, stack(0x00000000232d0000,0x00000000233d0000)]
  0x000000001d4c5800 JavaThread "Unconstrained build operations Thread 21" [_thread_blocked, id=19252, stack(0x00000000231d0000,0x00000000232d0000)]
  0x000000001d4c7000 JavaThread "Unconstrained build operations Thread 20" [_thread_blocked, id=10068, stack(0x00000000230d0000,0x00000000231d0000)]
  0x000000001d4c4800 JavaThread "Unconstrained build operations Thread 19" [_thread_blocked, id=2456, stack(0x0000000022fd0000,0x00000000230d0000)]
  0x000000001d4c4000 JavaThread "Unconstrained build operations Thread 18" [_thread_blocked, id=8448, stack(0x0000000022ed0000,0x0000000022fd0000)]
  0x000000001d4c2800 JavaThread "Unconstrained build operations Thread 17" [_thread_blocked, id=8428, stack(0x0000000022dd0000,0x0000000022ed0000)]
  0x000000001d4c1800 JavaThread "Unconstrained build operations Thread 16" [_thread_blocked, id=13264, stack(0x0000000022cd0000,0x0000000022dd0000)]
  0x000000001d4c7800 JavaThread "Unconstrained build operations Thread 15" [_thread_blocked, id=22440, stack(0x0000000022bd0000,0x0000000022cd0000)]
  0x000000001d4c3000 JavaThread "Unconstrained build operations Thread 14" [_thread_blocked, id=1556, stack(0x0000000022ad0000,0x0000000022bd0000)]
  0x000000001d4c8800 JavaThread "Unconstrained build operations Thread 13" [_thread_blocked, id=23428, stack(0x00000000229d0000,0x0000000022ad0000)]
  0x000000001d98f800 JavaThread "Unconstrained build operations Thread 12" [_thread_blocked, id=2384, stack(0x00000000228d0000,0x00000000229d0000)]
  0x000000001d98b800 JavaThread "Unconstrained build operations Thread 11" [_thread_blocked, id=6176, stack(0x00000000227d0000,0x00000000228d0000)]
  0x000000001d98b000 JavaThread "Unconstrained build operations Thread 10" [_thread_blocked, id=12732, stack(0x00000000226d0000,0x00000000227d0000)]
  0x000000001d98e000 JavaThread "Unconstrained build operations Thread 9" [_thread_blocked, id=23372, stack(0x00000000225d0000,0x00000000226d0000)]
  0x000000001d98c800 JavaThread "Unconstrained build operations Thread 8" [_thread_blocked, id=9836, stack(0x00000000224d0000,0x00000000225d0000)]
  0x000000001d98e800 JavaThread "Unconstrained build operations Thread 7" [_thread_blocked, id=21492, stack(0x00000000223d0000,0x00000000224d0000)]
  0x000000001d989800 JavaThread "Unconstrained build operations Thread 6" [_thread_blocked, id=4536, stack(0x00000000222d0000,0x00000000223d0000)]
  0x000000001d98d000 JavaThread "Unconstrained build operations Thread 5" [_thread_blocked, id=21036, stack(0x00000000221d0000,0x00000000222d0000)]
  0x000000001d98a000 JavaThread "Unconstrained build operations Thread 4" [_thread_blocked, id=22252, stack(0x00000000220d0000,0x00000000221d0000)]
  0x000000001d982000 JavaThread "Unconstrained build operations Thread 3" [_thread_blocked, id=14340, stack(0x0000000021fd0000,0x00000000220d0000)]
  0x000000001d988800 JavaThread "Unconstrained build operations Thread 2" [_thread_blocked, id=5868, stack(0x0000000021ed0000,0x0000000021fd0000)]
  0x000000001d986800 JavaThread "Unconstrained build operations" [_thread_blocked, id=22044, stack(0x0000000021dd0000,0x0000000021ed0000)]
  0x000000001d984000 JavaThread "Cache worker for Build Output Cleanup Cache (E:\BStest\up1\FinancialProject\.gradle\buildOutputCleanup)" [_thread_blocked, id=9388, stack(0x00000000208d0000,0x00000000209d0000)]
  0x000000001d981000 JavaThread "jar transforms Thread 3" [_thread_blocked, id=12552, stack(0x00000000207d0000,0x00000000208d0000)]
  0x000000001d988000 JavaThread "Cache worker for dependencies-accessors (E:\BStest\up1\FinancialProject\.gradle\7.2\dependencies-accessors)" [_thread_blocked, id=23016, stack(0x00000000202d0000,0x00000000203d0000)]
  0x000000001d980800 JavaThread "Cache worker for file content cache (C:\Users\16426\.gradle\caches\7.2\fileContent)" [_thread_blocked, id=23152, stack(0x00000000201d0000,0x00000000202d0000)]
  0x000000001d985800 JavaThread "jar transforms Thread 2" [_thread_blocked, id=18164, stack(0x000000001fed0000,0x000000001ffd0000)]
  0x000000001d982800 JavaThread "jar transforms" [_thread_blocked, id=21564, stack(0x000000001fdd0000,0x000000001fed0000)]
  0x000000001a05a000 JavaThread "Cache worker for execution history cache (C:\Users\16426\.gradle\caches\7.2\executionHistory)" [_thread_blocked, id=23368, stack(0x000000001f8d0000,0x000000001f9d0000)]
  0x000000001a059000 JavaThread "Cache worker for cache directory md-rule (C:\Users\16426\.gradle\caches\7.2\md-rule)" [_thread_blocked, id=22816, stack(0x000000001f5d0000,0x000000001f6d0000)]
  0x000000001a058800 JavaThread "Cache worker for cache directory md-supplier (C:\Users\16426\.gradle\caches\7.2\md-supplier)" [_thread_blocked, id=4324, stack(0x000000001f4d0000,0x000000001f5d0000)]
  0x000000001a057800 JavaThread "Cache worker for checksums cache (E:\BStest\up1\FinancialProject\.gradle\checksums)" [_thread_blocked, id=11116, stack(0x000000001f3d0000,0x000000001f4d0000)]
  0x000000001a057000 JavaThread "File watcher consumer" daemon [_thread_blocked, id=12580, stack(0x000000001f0d0000,0x000000001f1d0000)]
  0x000000001a055800 JavaThread "File watcher server" daemon [_thread_in_native, id=11036, stack(0x000000001dfa0000,0x000000001e0a0000)]
  0x000000001a054800 JavaThread "Cache worker for file hash cache (E:\BStest\up1\FinancialProject\.gradle\7.2\fileHashes)" [_thread_blocked, id=21936, stack(0x000000001dea0000,0x000000001dfa0000)]
  0x000000001a053000 JavaThread "Cache worker for file hash cache (C:\Users\16426\.gradle\caches\7.2\fileHashes)" [_thread_blocked, id=14616, stack(0x000000001ba00000,0x000000001bb00000)]
  0x000000001a054000 JavaThread "File lock request listener" [_thread_in_native, id=16596, stack(0x000000001b900000,0x000000001ba00000)]
  0x000000001a056000 JavaThread "Cache worker for journal cache (C:\Users\16426\.gradle\caches\journal-1)" [_thread_blocked, id=22128, stack(0x000000001b800000,0x000000001b900000)]
  0x000000001952d000 JavaThread "Daemon client event forwarder" [_thread_blocked, id=15420, stack(0x000000001b500000,0x000000001b600000)]
  0x00000000163ae000 JavaThread "Stdin handler" [_thread_blocked, id=8316, stack(0x000000001b400000,0x000000001b500000)]
  0x00000000163ad000 JavaThread "Asynchronous log dispatcher for DefaultDaemonConnection: socket connection from /127.0.0.1:52357 to /127.0.0.1:52363" [_thread_blocked, id=23296, stack(0x000000001b300000,0x000000001b400000)]
  0x0000000019725000 JavaThread "Daemon worker" [_thread_blocked, id=10260, stack(0x000000001b200000,0x000000001b300000)]
  0x0000000019f3e000 JavaThread "Cancel handler" [_thread_blocked, id=5732, stack(0x000000001b100000,0x000000001b200000)]
  0x0000000019f3d000 JavaThread "Handler for socket connection from /127.0.0.1:52357 to /127.0.0.1:52363" [_thread_in_native, id=20204, stack(0x000000001af00000,0x000000001b000000)]
  0x0000000018f27000 JavaThread "Daemon" [_thread_blocked, id=21972, stack(0x000000001ae00000,0x000000001af00000)]
  0x0000000018cd9000 JavaThread "Daemon periodic checks" [_thread_blocked, id=14960, stack(0x000000001ab00000,0x000000001ac00000)]
  0x0000000019e97800 JavaThread "Incoming local TCP Connector on port 52357" [_thread_in_native, id=18672, stack(0x000000001a950000,0x000000001aa50000)]
  0x0000000019a60800 JavaThread "Daemon health stats" [_thread_blocked, id=5060, stack(0x000000001a850000,0x000000001a950000)]
  0x000000001639c800 JavaThread "Service Thread" daemon [_thread_blocked, id=12292, stack(0x0000000017bf0000,0x0000000017cf0000)]
  0x0000000016315000 JavaThread "C1 CompilerThread3" daemon [_thread_blocked, id=13164, stack(0x0000000017af0000,0x0000000017bf0000)]
  0x0000000016311000 JavaThread "C2 CompilerThread2" daemon [_thread_in_native, id=11436, stack(0x00000000179f0000,0x0000000017af0000)]
  0x000000001630c000 JavaThread "C2 CompilerThread1" daemon [_thread_in_native, id=13644, stack(0x00000000178f0000,0x00000000179f0000)]
  0x00000000162ae000 JavaThread "C2 CompilerThread0" daemon [_thread_in_native, id=21540, stack(0x00000000177f0000,0x00000000178f0000)]
  0x00000000162ad000 JavaThread "Attach Listener" daemon [_thread_blocked, id=14916, stack(0x00000000176f0000,0x00000000177f0000)]
  0x00000000162ac000 JavaThread "Signal Dispatcher" daemon [_thread_blocked, id=16996, stack(0x00000000175f0000,0x00000000176f0000)]
  0x00000000030fb000 JavaThread "Finalizer" daemon [_thread_blocked, id=23276, stack(0x00000000174f0000,0x00000000175f0000)]
  0x0000000016293000 JavaThread "Reference Handler" daemon [_thread_blocked, id=5136, stack(0x00000000173f0000,0x00000000174f0000)]
  0x00000000031ce000 JavaThread "main" [_thread_blocked, id=20344, stack(0x0000000002b30000,0x0000000002c30000)]

Other Threads:
  0x0000000016272800 VMThread [stack: 0x00000000172f0000,0x00000000173f0000] [id=22024]
  0x00000000163b0800 WatcherThread [stack: 0x0000000017cf0000,0x0000000017df0000] [id=10644]

=>0x0000000003026800 (exited) GCTaskThread [stack: 0x0000000012ea0000,0x0000000012fa0000] [id=6016]

VM state:at safepoint (normal execution)

VM Mutex/Monitor currently owned by a thread:  ([mutex/lock_event])
[0x00000000031cda90] Threads_lock - owner thread: 0x0000000016272800
[0x00000000030016d0] Heap_lock - owner thread: 0x0000000019725000

heap address: 0x00000000e0000000, size: 512 MB, Compressed Oops mode: 32-bit
Narrow klass base: 0x0000000000000000, Narrow klass shift: 3
Compressed class space size: 1073741824 Address: 0x0000000100000000

Heap:
 PSYoungGen      total 151552K, used 13804K [0x00000000f5580000, 0x0000000100000000, 0x0000000100000000)
  eden space 137728K, 0% used [0x00000000f5580000,0x00000000f5580000,0x00000000fdc00000)
  from space 13824K, 99% used [0x00000000ff280000,0x00000000ffffb340,0x0000000100000000)
  to   space 18432K, 0% used [0x00000000fdc00000,0x00000000fdc00000,0x00000000fee00000)
 ParOldGen       total 175104K, used 23093K [0x00000000e0000000, 0x00000000eab00000, 0x00000000f5580000)
  object space 175104K, 13% used [0x00000000e0000000,0x00000000e168d698,0x00000000eab00000)
 Metaspace       used 56466K, capacity 58932K, committed 59096K, reserved 1099776K
  class space    used 7831K, capacity 8338K, committed 8408K, reserved 1048576K

Card table byte_map: [0x0000000012590000,0x00000000126a0000] byte_map_base: 0x0000000011e90000

Marking Bits: (ParMarkBitMap*) 0x000000005efc6d90
 Begin Bits: [0x00000000130a0000, 0x00000000138a0000)
 End Bits:   [0x00000000138a0000, 0x00000000140a0000)

Polling page: 0x0000000001340000

CodeCache: size=245760Kb used=16285Kb max_used=16285Kb free=229474Kb
 bounds [0x00000000031d0000, 0x00000000041d0000, 0x00000000121d0000]
 total_blobs=5697 nmethods=4907 adapters=701
 compilation: enabled

Compilation events (10 events):
Event: 14.437 Thread 0x0000000016315000 5319       3       org.gradle.api.internal.provider.AbstractProperty$NonFinalizedValue::explicitValue (7 bytes)
Event: 14.437 Thread 0x0000000016315000 nmethod 5319 0x00000000041c4210 code [0x00000000041c4360, 0x00000000041c44b0]
Event: 14.440 Thread 0x0000000016315000 5320       3       org.gradle.api.internal.tasks.DefaultTaskContainer_Decorated::getEventRegister (39 bytes)
Event: 14.440 Thread 0x0000000016315000 nmethod 5320 0x00000000041c4550 code [0x00000000041c4720, 0x00000000041c4ec8]
Event: 14.446 Thread 0x0000000016315000 5321       3       java.lang.invoke.MemberName::equals (69 bytes)
Event: 14.448 Thread 0x0000000016315000 nmethod 5321 0x00000000041c5190 code [0x00000000041c53e0, 0x00000000041c65f8]
Event: 14.457 Thread 0x0000000016315000 5322       1       org.gradle.api.internal.provider.DefaultProperty::getType (5 bytes)
Event: 14.457 Thread 0x0000000016315000 nmethod 5322 0x00000000041c6a90 code [0x00000000041c6be0, 0x00000000041c6cf0]
Event: 14.463 Thread 0x0000000016315000 5323       3       kotlin.jvm.internal.Lambda::<init> (10 bytes)
Event: 14.463 Thread 0x0000000016315000 nmethod 5323 0x00000000041c6d50 code [0x00000000041c6ea0, 0x00000000041c7050]

GC Heap History (10 events):
Event: 10.317 GC heap after
Heap after GC invocations=8 (full 1):
 PSYoungGen      total 123392K, used 7168K [0x00000000f5580000, 0x00000000fff00000, 0x0000000100000000)
  eden space 110080K, 0% used [0x00000000f5580000,0x00000000f5580000,0x00000000fc100000)
  from space 13312K, 53% used [0x00000000fc100000,0x00000000fc800200,0x00000000fce00000)
  to   space 12800K, 0% used [0x00000000ff280000,0x00000000ff280000,0x00000000fff00000)
 ParOldGen       total 175104K, used 10083K [0x00000000e0000000, 0x00000000eab00000, 0x00000000f5580000)
  object space 175104K, 5% used [0x00000000e0000000,0x00000000e09d8e60,0x00000000eab00000)
 Metaspace       used 33922K, capacity 35308K, committed 35456K, reserved 1079296K
  class space    used 4869K, capacity 5143K, committed 5248K, reserved 1048576K
}
Event: 10.317 GC heap before
{Heap before GC invocations=9 (full 2):
 PSYoungGen      total 123392K, used 7168K [0x00000000f5580000, 0x00000000fff00000, 0x0000000100000000)
  eden space 110080K, 0% used [0x00000000f5580000,0x00000000f5580000,0x00000000fc100000)
  from space 13312K, 53% used [0x00000000fc100000,0x00000000fc800200,0x00000000fce00000)
  to   space 12800K, 0% used [0x00000000ff280000,0x00000000ff280000,0x00000000fff00000)
 ParOldGen       total 175104K, used 10083K [0x00000000e0000000, 0x00000000eab00000, 0x00000000f5580000)
  object space 175104K, 5% used [0x00000000e0000000,0x00000000e09d8e60,0x00000000eab00000)
 Metaspace       used 33922K, capacity 35308K, committed 35456K, reserved 1079296K
  class space    used 4869K, capacity 5143K, committed 5248K, reserved 1048576K
Event: 10.350 GC heap after
Heap after GC invocations=9 (full 2):
 PSYoungGen      total 123392K, used 0K [0x00000000f5580000, 0x00000000fff00000, 0x0000000100000000)
  eden space 110080K, 0% used [0x00000000f5580000,0x00000000f5580000,0x00000000fc100000)
  from space 13312K, 0% used [0x00000000fc100000,0x00000000fc100000,0x00000000fce00000)
  to   space 12800K, 0% used [0x00000000ff280000,0x00000000ff280000,0x00000000fff00000)
 ParOldGen       total 175104K, used 14744K [0x00000000e0000000, 0x00000000eab00000, 0x00000000f5580000)
  object space 175104K, 8% used [0x00000000e0000000,0x00000000e0e66390,0x00000000eab00000)
 Metaspace       used 33922K, capacity 35308K, committed 35456K, reserved 1079296K
  class space    used 4869K, capacity 5143K, committed 5248K, reserved 1048576K
}
Event: 11.309 GC heap before
{Heap before GC invocations=10 (full 2):
 PSYoungGen      total 123392K, used 110080K [0x00000000f5580000, 0x00000000fff00000, 0x0000000100000000)
  eden space 110080K, 100% used [0x00000000f5580000,0x00000000fc100000,0x00000000fc100000)
  from space 13312K, 0% used [0x00000000fc100000,0x00000000fc100000,0x00000000fce00000)
  to   space 12800K, 0% used [0x00000000ff280000,0x00000000ff280000,0x00000000fff00000)
 ParOldGen       total 175104K, used 14744K [0x00000000e0000000, 0x00000000eab00000, 0x00000000f5580000)
  object space 175104K, 8% used [0x00000000e0000000,0x00000000e0e66390,0x00000000eab00000)
 Metaspace       used 38837K, capacity 40688K, committed 40960K, reserved 1085440K
  class space    used 5503K, capacity 5865K, committed 5888K, reserved 1048576K
Event: 11.316 GC heap after
Heap after GC invocations=10 (full 2):
 PSYoungGen      total 160768K, used 7367K [0x00000000f5580000, 0x00000000fff80000, 0x0000000100000000)
  eden space 147968K, 0% used [0x00000000f5580000,0x00000000f5580000,0x00000000fe600000)
  from space 12800K, 57% used [0x00000000ff280000,0x00000000ff9b1ef8,0x00000000fff00000)
  to   space 12800K, 0% used [0x00000000fe600000,0x00000000fe600000,0x00000000ff280000)
 ParOldGen       total 175104K, used 14752K [0x00000000e0000000, 0x00000000eab00000, 0x00000000f5580000)
  object space 175104K, 8% used [0x00000000e0000000,0x00000000e0e68390,0x00000000eab00000)
 Metaspace       used 38837K, capacity 40688K, committed 40960K, reserved 1085440K
  class space    used 5503K, capacity 5865K, committed 5888K, reserved 1048576K
}
Event: 13.124 GC heap before
{Heap before GC invocations=11 (full 2):
 PSYoungGen      total 160768K, used 155335K [0x00000000f5580000, 0x00000000fff80000, 0x0000000100000000)
  eden space 147968K, 100% used [0x00000000f5580000,0x00000000fe600000,0x00000000fe600000)
  from space 12800K, 57% used [0x00000000ff280000,0x00000000ff9b1ef8,0x00000000fff00000)
  to   space 12800K, 0% used [0x00000000fe600000,0x00000000fe600000,0x00000000ff280000)
 ParOldGen       total 175104K, used 14752K [0x00000000e0000000, 0x00000000eab00000, 0x00000000f5580000)
  object space 175104K, 8% used [0x00000000e0000000,0x00000000e0e68390,0x00000000eab00000)
 Metaspace       used 47536K, capacity 49756K, committed 49792K, reserved 1091584K
  class space    used 6593K, capacity 7020K, committed 7040K, reserved 1048576K
Event: 13.136 GC heap after
Heap after GC invocations=11 (full 2):
 PSYoungGen      total 160768K, used 12782K [0x00000000f5580000, 0x0000000100000000, 0x0000000100000000)
  eden space 147968K, 0% used [0x00000000f5580000,0x00000000f5580000,0x00000000fe600000)
  from space 12800K, 99% used [0x00000000fe600000,0x00000000ff27b8e0,0x00000000ff280000)
  to   space 13824K, 0% used [0x00000000ff280000,0x00000000ff280000,0x0000000100000000)
 ParOldGen       total 175104K, used 16144K [0x00000000e0000000, 0x00000000eab00000, 0x00000000f5580000)
  object space 175104K, 9% used [0x00000000e0000000,0x00000000e0fc40e8,0x00000000eab00000)
 Metaspace       used 47536K, capacity 49756K, committed 49792K, reserved 1091584K
  class space    used 6593K, capacity 7020K, committed 7040K, reserved 1048576K
}
Event: 14.470 GC heap before
{Heap before GC invocations=12 (full 2):
 PSYoungGen      total 160768K, used 128899K [0x00000000f5580000, 0x0000000100000000, 0x0000000100000000)
  eden space 147968K, 78% used [0x00000000f5580000,0x00000000fc6e54f8,0x00000000fe600000)
  from space 12800K, 99% used [0x00000000fe600000,0x00000000ff27b8e0,0x00000000ff280000)
  to   space 13824K, 0% used [0x00000000ff280000,0x00000000ff280000,0x0000000100000000)
 ParOldGen       total 175104K, used 16144K [0x00000000e0000000, 0x00000000eab00000, 0x00000000f5580000)
  object space 175104K, 9% used [0x00000000e0000000,0x00000000e0fc40e8,0x00000000eab00000)
 Metaspace       used 56466K, capacity 58932K, committed 59096K, reserved 1099776K
  class space    used 7831K, capacity 8338K, committed 8408K, reserved 1048576K
Event: 14.490 GC heap after
Heap after GC invocations=12 (full 2):
 PSYoungGen      total 151552K, used 13804K [0x00000000f5580000, 0x0000000100000000, 0x0000000100000000)
  eden space 137728K, 0% used [0x00000000f5580000,0x00000000f5580000,0x00000000fdc00000)
  from space 13824K, 99% used [0x00000000ff280000,0x00000000ffffb340,0x0000000100000000)
  to   space 18432K, 0% used [0x00000000fdc00000,0x00000000fdc00000,0x00000000fee00000)
 ParOldGen       total 175104K, used 23093K [0x00000000e0000000, 0x00000000eab00000, 0x00000000f5580000)
  object space 175104K, 13% used [0x00000000e0000000,0x00000000e168d698,0x00000000eab00000)
 Metaspace       used 56466K, capacity 58932K, committed 59096K, reserved 1099776K
  class space    used 7831K, capacity 8338K, committed 8408K, reserved 1048576K
}
Event: 14.490 GC heap before
{Heap before GC invocations=13 (full 3):
 PSYoungGen      total 151552K, used 13804K [0x00000000f5580000, 0x0000000100000000, 0x0000000100000000)
  eden space 137728K, 0% used [0x00000000f5580000,0x00000000f5580000,0x00000000fdc00000)
  from space 13824K, 99% used [0x00000000ff280000,0x00000000ffffb340,0x0000000100000000)
  to   space 18432K, 0% used [0x00000000fdc00000,0x00000000fdc00000,0x00000000fee00000)
 ParOldGen       total 175104K, used 23093K [0x00000000e0000000, 0x00000000eab00000, 0x00000000f5580000)
  object space 175104K, 13% used [0x00000000e0000000,0x00000000e168d698,0x00000000eab00000)
 Metaspace       used 56466K, capacity 58932K, committed 59096K, reserved 1099776K
  class space    used 7831K, capacity 8338K, committed 8408K, reserved 1048576K

Deoptimization events (10 events):
Event: 13.424 Thread 0x0000000019725000 Uncommon trap: reason=unstable_if action=reinterpret pc=0x00000000033c39a8 method=java.util.jar.JarFile.maybeInstantiateVerifier()V @ 4
Event: 13.425 Thread 0x0000000019725000 Uncommon trap: reason=predicate action=maybe_recompile pc=0x0000000003bff4fc method=sun.misc.Resource.getBytes()[B @ 53
Event: 13.425 Thread 0x0000000019725000 Uncommon trap: reason=unstable_if action=reinterpret pc=0x000000000371f970 method=java.util.jar.JarFile.maybeInstantiateVerifier()V @ 4
Event: 13.428 Thread 0x0000000019725000 Uncommon trap: reason=unstable_if action=reinterpret pc=0x000000000386e0ec method=java.security.CodeSource.getCertificates()[Ljava/security/cert/Certificate; @ 22
Event: 13.443 Thread 0x0000000019725000 Uncommon trap: reason=unstable_if action=reinterpret pc=0x0000000003db7610 method=java.util.LinkedHashMap.get(Ljava/lang/Object;)Ljava/lang/Object; @ 20
Event: 13.562 Thread 0x0000000019725000 Uncommon trap: reason=unstable_if action=reinterpret pc=0x0000000003e7681c method=java.util.concurrent.ConcurrentHashMap.addCount(JI)V @ 110
Event: 13.728 Thread 0x0000000019725000 Uncommon trap: reason=unstable_if action=reinterpret pc=0x0000000003c02470 method=org.gradle.internal.reflect.PropertyAccessorType.of(Ljava/lang/reflect/Method;)Lorg/gradle/internal/reflect/PropertyAccessorType; @ 56
Event: 13.905 Thread 0x0000000019725000 Uncommon trap: reason=null_check action=make_not_entrant pc=0x0000000004121210 method=java.lang.Class.searchMethods([Ljava/lang/reflect/Method;Ljava/lang/String;[Ljava/lang/Class;)Ljava/lang/reflect/Method; @ 59
Event: 13.988 Thread 0x0000000019725000 Uncommon trap: reason=bimorphic action=maybe_recompile pc=0x00000000034c0dd8 method=java.lang.Throwable.<init>(Ljava/lang/String;Ljava/lang/Throwable;)V @ 24
Event: 14.067 Thread 0x0000000019725000 Uncommon trap: reason=predicate action=maybe_recompile pc=0x0000000004162bf8 method=java.util.AbstractCollection.toArray([Ljava/lang/Object;)[Ljava/lang/Object; @ 49

Classes redefined (0 events):
No events

Internal exceptions (10 events):
Event: 13.969 Thread 0x0000000019725000 Exception <a 'java/lang/ClassNotFoundException': com/android/build/gradle/internal/dsl/BuildType_DecoratedBeanInfo> (0x00000000fa8801d0) thrown at [C:\re\workspace\8-2-build-windows-amd64-cygwin\jdk8u231\13620\hotspot\src\share\vm\classfile\systemDictiona
Event: 13.969 Thread 0x0000000019725000 Exception <a 'java/lang/ClassNotFoundException': com/android/build/gradle/internal/dsl/BuildTypeBeanInfo> (0x00000000fa89ce70) thrown at [C:\re\workspace\8-2-build-windows-amd64-cygwin\jdk8u231\13620\hotspot\src\share\vm\classfile\systemDictionary.cpp, li
Event: 13.970 Thread 0x0000000019725000 Exception <a 'java/lang/ClassNotFoundException': com/android/builder/core/AbstractBuildTypeBeanInfo> (0x00000000fa8b7b30) thrown at [C:\re\workspace\8-2-build-windows-amd64-cygwin\jdk8u231\13620\hotspot\src\share\vm\classfile\systemDictionary.cpp, line 21
Event: 13.970 Thread 0x0000000019725000 Exception <a 'java/lang/ClassNotFoundException': com/android/builder/core/AbstractBuildTypeCustomizer> (0x00000000fa8d3a40) thrown at [C:\re\workspace\8-2-build-windows-amd64-cygwin\jdk8u231\13620\hotspot\src\share\vm\classfile\systemDictionary.cpp, line 
Event: 13.971 Thread 0x0000000019725000 Exception <a 'java/lang/ClassNotFoundException': com/android/build/gradle/internal/dsl/BuildTypeCustomizer> (0x00000000fa91a900) thrown at [C:\re\workspace\8-2-build-windows-amd64-cygwin\jdk8u231\13620\hotspot\src\share\vm\classfile\systemDictionary.cpp, 
Event: 13.974 Thread 0x0000000019725000 Exception <a 'java/lang/ClassNotFoundException': com/android/build/gradle/internal/dsl/BuildType_DecoratedCustomizer> (0x00000000fa9e70d0) thrown at [C:\re\workspace\8-2-build-windows-amd64-cygwin\jdk8u231\13620\hotspot\src\share\vm\classfile\systemDictio
Event: 13.980 Thread 0x0000000019725000 Exception <a 'java/lang/ClassNotFoundException': build_f0zj5vfqgk4yxk038cvcbm65v$_run_closure1$_closure4BeanInfo> (0x00000000faad9380) thrown at [C:\re\workspace\8-2-build-windows-amd64-cygwin\jdk8u231\13620\hotspot\src\share\vm\classfile\systemDictionary
Event: 13.980 Thread 0x0000000019725000 Exception <a 'java/lang/ClassNotFoundException': build_f0zj5vfqgk4yxk038cvcbm65v$_run_closure1$_closure4Customizer> (0x00000000faaebff0) thrown at [C:\re\workspace\8-2-build-windows-amd64-cygwin\jdk8u231\13620\hotspot\src\share\vm\classfile\systemDictiona
Event: 13.982 Thread 0x0000000019725000 Exception <a 'java/lang/ClassNotFoundException': build_f0zj5vfqgk4yxk038cvcbm65v$_run_closure1BeanInfo> (0x00000000fab17978) thrown at [C:\re\workspace\8-2-build-windows-amd64-cygwin\jdk8u231\13620\hotspot\src\share\vm\classfile\systemDictionary.cpp, line
Event: 13.983 Thread 0x0000000019725000 Exception <a 'java/lang/ClassNotFoundException': build_f0zj5vfqgk4yxk038cvcbm65v$_run_closure1Customizer> (0x00000000fab28f28) thrown at [C:\re\workspace\8-2-build-windows-amd64-cygwin\jdk8u231\13620\hotspot\src\share\vm\classfile\systemDictionary.cpp, li

Events (10 events):
Event: 14.466 loading class com/android/build/gradle/internal/tasks/CompressAssetsTask done
Event: 14.467 loading class com/android/build/gradle/internal/tasks/NewIncrementalTask
Event: 14.467 loading class com/android/build/gradle/internal/tasks/NewIncrementalTask done
Event: 14.468 loading class com/android/build/gradle/internal/tasks/CompressAssetsTask$CreationAction$handleProvider$1
Event: 14.468 loading class com/android/build/gradle/internal/tasks/CompressAssetsTask$CreationAction$handleProvider$1 done
Event: 14.469 loading class com/android/build/gradle/internal/scope/InternalArtifactType$COMPRESSED_ASSETS
Event: 14.469 loading class com/android/build/gradle/internal/scope/InternalArtifactType$COMPRESSED_ASSETS done
Event: 14.469 loading class com/android/build/gradle/tasks/GenerateBuildConfig$CreationAction
Event: 14.469 loading class com/android/build/gradle/tasks/GenerateBuildConfig$CreationAction done
Event: 14.469 Executing VM operation: CollectForMetadataAllocation


Dynamic libraries:
0x00007ff684fe0000 - 0x00007ff685017000 	C:\Program Files\Java\jdk1.8.0_231\bin\java.exe
0x00007ffee4c30000 - 0x00007ffee4e44000 	C:\WINDOWS\SYSTEM32\ntdll.dll
0x00007ffee3e60000 - 0x00007ffee3f22000 	C:\WINDOWS\System32\KERNEL32.DLL
0x00007ffee2680000 - 0x00007ffee2a23000 	C:\WINDOWS\System32\KERNELBASE.dll
0x00007ffee3bb0000 - 0x00007ffee3c5e000 	C:\WINDOWS\System32\ADVAPI32.dll
0x00007ffee44c0000 - 0x00007ffee4567000 	C:\WINDOWS\System32\msvcrt.dll
0x00007ffee3480000 - 0x00007ffee3524000 	C:\WINDOWS\System32\sechost.dll
0x00007ffee4690000 - 0x00007ffee47a7000 	C:\WINDOWS\System32\RPCRT4.dll
0x00007ffee3230000 - 0x00007ffee33db000 	C:\WINDOWS\System32\USER32.dll
0x00007ffee2230000 - 0x00007ffee2256000 	C:\WINDOWS\System32\win32u.dll
0x00007ffee3dd0000 - 0x00007ffee3df9000 	C:\WINDOWS\System32\GDI32.dll
0x00007ffee2440000 - 0x00007ffee2558000 	C:\WINDOWS\System32\gdi32full.dll
0x00007ffee2560000 - 0x00007ffee25fa000 	C:\WINDOWS\System32\msvcp_win.dll
0x00007ffee2320000 - 0x00007ffee2431000 	C:\WINDOWS\System32\ucrtbase.dll
0x00007ffecc5c0000 - 0x00007ffecc84e000 	C:\WINDOWS\WinSxS\amd64_microsoft.windows.common-controls_6595b64144ccf1df_6.0.22621.1635_none_270f70857386168e\COMCTL32.dll
0x00007ffee3e20000 - 0x00007ffee3e51000 	C:\WINDOWS\System32\IMM32.DLL
0x000000005f050000 - 0x000000005f122000 	C:\Program Files\Java\jdk1.8.0_231\jre\bin\msvcr100.dll
0x000000005e7a0000 - 0x000000005f046000 	C:\Program Files\Java\jdk1.8.0_231\jre\bin\server\jvm.dll
0x00007ffee33e0000 - 0x00007ffee33e8000 	C:\WINDOWS\System32\PSAPI.DLL
0x00007ffec61c0000 - 0x00007ffec61c9000 	C:\WINDOWS\SYSTEM32\WSOCK32.dll
0x00007ffedb760000 - 0x00007ffedb76a000 	C:\WINDOWS\SYSTEM32\VERSION.dll
0x00007ffedb1c0000 - 0x00007ffedb1f4000 	C:\WINDOWS\SYSTEM32\WINMM.dll
0x00007ffee3c70000 - 0x00007ffee3ce1000 	C:\WINDOWS\System32\WS2_32.dll
0x00007ffecf420000 - 0x00007ffecf42f000 	C:\Program Files\Java\jdk1.8.0_231\jre\bin\verify.dll
0x00007ffea5bc0000 - 0x00007ffea5be9000 	C:\Program Files\Java\jdk1.8.0_231\jre\bin\java.dll
0x00007ffea5880000 - 0x00007ffea5896000 	C:\Program Files\Java\jdk1.8.0_231\jre\bin\zip.dll
0x00007ffee2a30000 - 0x00007ffee322a000 	C:\WINDOWS\System32\SHELL32.dll
0x00007ffee0060000 - 0x00007ffee092e000 	C:\WINDOWS\SYSTEM32\windows.storage.dll
0x00007ffee4050000 - 0x00007ffee43d9000 	C:\WINDOWS\System32\combase.dll
0x00007ffedff20000 - 0x00007ffee005e000 	C:\WINDOWS\SYSTEM32\wintypes.dll
0x00007ffee35e0000 - 0x00007ffee36d1000 	C:\WINDOWS\System32\SHCORE.dll
0x00007ffee3d60000 - 0x00007ffee3dbe000 	C:\WINDOWS\System32\shlwapi.dll
0x00007ffee1f80000 - 0x00007ffee1fa1000 	C:\WINDOWS\SYSTEM32\profapi.dll
0x00007ffe99900000 - 0x00007ffe9991a000 	C:\Program Files\Java\jdk1.8.0_231\jre\bin\net.dll
0x00007ffee1600000 - 0x00007ffee1669000 	C:\WINDOWS\system32\mswsock.dll
0x00007ffe99860000 - 0x00007ffe99872000 	C:\Program Files\Java\jdk1.8.0_231\jre\bin\nio.dll
0x00007ffead650000 - 0x00007ffead677000 	C:\Users\16426\.gradle\native\e1d6ef7f7dcc3fd88c89a11ec53ec762bb8ba0a96d01ffa2cd45eb1d1d8dd5c5\windows-amd64\native-platform.dll
0x00007ffe6bb60000 - 0x00007ffe6bca4000 	C:\Users\16426\.gradle\native\5664cfc778a61ccfe75a443a1ab52a65af34e5dc3c78e0209fed803814484fcb\windows-amd64\native-platform-file-events.dll
0x00007ffebaf70000 - 0x00007ffebaf7d000 	C:\Program Files\Java\jdk1.8.0_231\jre\bin\management.dll
0x00007ffee1860000 - 0x00007ffee187b000 	C:\WINDOWS\SYSTEM32\CRYPTSP.dll
0x00007ffee1100000 - 0x00007ffee1135000 	C:\WINDOWS\system32\rsaenh.dll
0x00007ffee1700000 - 0x00007ffee1728000 	C:\WINDOWS\SYSTEM32\USERENV.dll
0x00007ffee1a00000 - 0x00007ffee1a28000 	C:\WINDOWS\SYSTEM32\bcrypt.dll
0x00007ffee2600000 - 0x00007ffee267b000 	C:\WINDOWS\System32\bcryptprimitives.dll
0x00007ffee1880000 - 0x00007ffee188c000 	C:\WINDOWS\SYSTEM32\CRYPTBASE.dll
0x00007ffee0c00000 - 0x00007ffee0c2d000 	C:\WINDOWS\SYSTEM32\IPHLPAPI.DLL
0x00007ffee3d50000 - 0x00007ffee3d59000 	C:\WINDOWS\System32\NSI.dll
0x00007ffedb110000 - 0x00007ffedb129000 	C:\WINDOWS\SYSTEM32\dhcpcsvc6.DLL
0x00007ffedacd0000 - 0x00007ffedacef000 	C:\WINDOWS\SYSTEM32\dhcpcsvc.DLL
0x00007ffee0c70000 - 0x00007ffee0d63000 	C:\WINDOWS\SYSTEM32\DNSAPI.dll
0x00007ffecfd50000 - 0x00007ffecff7e000 	C:\WINDOWS\SYSTEM32\dbghelp.dll
0x00007ffee43e0000 - 0x00007ffee44b7000 	C:\WINDOWS\System32\OLEAUT32.dll

VM Arguments:
jvm_args: -XX:MaxMetaspaceSize=256m -XX:+HeapDumpOnOutOfMemoryError -Xms256m -Xmx512m -Dfile.encoding=GBK -Duser.country=CN -Duser.language=zh -Duser.variant 
java_command: org.gradle.launcher.daemon.bootstrap.GradleDaemon 7.2
java_class_path (initial): C:\Users\16426\.gradle\wrapper\dists\gradle-7.2-all\260hg96vuh6ex27h9vo47iv4d\gradle-7.2\lib\gradle-launcher-7.2.jar
Launcher Type: SUN_STANDARD

Environment Variables:
CLASSPATH=C:\Program Files\Java\jdk1.8.0_231\lib\dt.jar;C:\Program Files\Java\jdk1.8.0_231\lib\tools.jar;.
PATH=C:\Users\16426\AppData\Local\Programs\Python\Python310\Scripts\;C:\Users\16426\AppData\Local\Programs\Python\Python310;D:\vm\bin\;C:\Program Files\Java\jdk1.8.0_231\bin;C:\Program Files (x86)\Common Files\Oracle\Java\javapath;E:\Python 3.8\;E:\Python 3.8\Scripts\;C:\WINDOWS\system32;C:\WINDOWS;C:\WINDOWS\System32\Wbem;C:\WINDOWS\System32\WindowsPowerShell\v1.0\;C:\WINDOWS\System32\OpenSSH\;C:\Program Files (x86)\NVIDIA Corporation\PhysX\Common;C:\Program Files\IDM Computer Solutions\UltraEdit;C:\Windows\system32;C:\Windows;C:\Windows\System32\Wbem;C:\Windows\System32\WindowsPowerShell\v1.0\;C:\Windows\System32\OpenSSH\;C:\Program Files\dotnet\;C:\Program Files\NVIDIA Corporation\NVIDIA NvDLISR;C:\WINDOWS\system32;C:\WINDOWS;C:\WINDOWS\System32\Wbem;C:\WINDOWS\System32\WindowsPowerShell\v1.0\;C:\WINDOWS\System32\OpenSSH\;E:\微信web开发者工具\dll;E:\anaconda3\condabin;E:\anaconda3\pkgs\git-2.11.1-0\Library\bin;C:\Program Files\Process Lasso\;D:\mingw64\bin;C:\Users\16426\AppData\Local\Programs\Python\Python310\Scripts\;C:\Users\16426\AppData\Local\Programs\Python\Python310\;C:\Users\16426\AppData\Local\Microsoft\WindowsApps;E:\PyCharm Community Edition 2019.2.1\bin;;E:\PyCharm 2020.1.1\bin;;E:\WebStorm 2019.1.3\bin;;C:\Program Files (x86)\Google\Chrome\Application;;E:\Microsoft VS Code\bin
USERNAME=16426
OS=Windows_NT
PROCESSOR_IDENTIFIER=Intel64 Family 6 Model 158 Stepping 10, GenuineIntel



---------------  S Y S T E M  ---------------

OS: Windows 10.0 , 64 bit Build 22621 (10.0.22621.1635)

CPU:total 12 (initial active 12) (6 cores per cpu, 2 threads per core) family 6 model 158 stepping 10, cmov, cx8, fxsr, mmx, sse, sse2, sse3, ssse3, sse4.1, sse4.2, popcnt, avx, avx2, aes, clmul, erms, 3dnowpref, lzcnt, ht, tsc, tscinvbit, bmi1, bmi2, adx

Memory: 4k page, physical 16620876k(2917560k free), swap 26058060k(6114064k free)

vm_info: Java HotSpot(TM) 64-Bit Server VM (25.231-b11) for windows-amd64 JRE (1.8.0_231-b11), built on Oct  5 2019 03:11:30 by "java_re" with MS VC++ 10.0 (VS2010)

time: Mon May 22 15:26:42 2023
timezone: 中国标准时间
elapsed time: 14 seconds (0d 0h 0m 14s)

